# JRE version: Java(TM) SE Runtime Environment (21.0.7+8) (build 21.0.7+8-LTS-245)
# Java VM: Java HotSpot(TM) 64-Bit Server VM (21.0.7+8-LTS-245, mixed mode, sharing, tiered, compressed oops, compressed class ptrs, g1 gc, windows-amd64)
GC Precious Log:
 CardTable entry size: 512
 Card Set container configuration: InlinePtr #cards 5 size 8 Array Of Cards #cards 12 size 40 Howl #buckets 4 coarsen threshold 1843 Howl Bitmap #cards 512 size 80 coarsen threshold 460 Card regions per heap region 1 cards per card region 2048
 CPUs: 4 total, 4 available
 Memory: 3783M
 Large Page Support: Disabled
 NUMA Support: Disabled
 Compressed Oops: Enabled (32-bit)
 Heap Region Size: 1M
 Heap Min Capacity: 8M
 Heap Initial Capacity: 60M
 Heap Max Capacity: 946M
 Pre-touch: Disabled
 Parallel Workers: 4
 Concurrent Workers: 1
 Concurrent Refinement Workers: 4
 Periodic GC: Disabled
Heap:
 garbage-first heap   total 48128K, used 37254K [0x00000000c4e00000, 0x0000000100000000)
  region size 1024K, 13 young (13312K), 1 survivors (1024K)
 Metaspace       used 57803K, committed 58560K, reserved 1114112K
  class space    used 7490K, committed 7808K, reserved 1048576K
GC Heap History (20 events):
Event: 12.847 GC heap before
{Heap before GC invocations=7 (full 0):
 garbage-first heap   total 37888K, used 28726K [0x00000000c4e00000, 0x0000000100000000)
  region size 1024K, 16 young (16384K), 2 survivors (2048K)
 Metaspace       used 29315K, committed 29888K, reserved 1114112K
  class space    used 3663K, committed 3904K, reserved 1048576K
}
Event: 12.860 GC heap after
{Heap after GC invocations=8 (full 0):
 garbage-first heap   total 37888K, used 15967K [0x00000000c4e00000, 0x0000000100000000)
  region size 1024K, 2 young (2048K), 2 survivors (2048K)
 Metaspace       used 29315K, committed 29888K, reserved 1114112K
  class space    used 3663K, committed 3904K, reserved 1048576K
}
Event: 16.258 GC heap before
{Heap before GC invocations=8 (full 0):
 garbage-first heap   total 37888K, used 29279K [0x00000000c4e00000, 0x0000000100000000)
  region size 1024K, 15 young (15360K), 2 survivors (2048K)
 Metaspace       used 32474K, committed 33088K, reserved 1114112K
  class space    used 4122K, committed 4416K, reserved 1048576K
}
Event: 16.268 GC heap after
{Heap after GC invocations=9 (full 0):
 garbage-first heap   total 37888K, used 17562K [0x00000000c4e00000, 0x0000000100000000)
  region size 1024K, 2 young (2048K), 2 survivors (2048K)
 Metaspace       used 32474K, committed 33088K, reserved 1114112K
  class space    used 4122K, committed 4416K, reserved 1048576K
}
Event: 18.534 GC heap before
{Heap before GC invocations=9 (full 0):
 garbage-first heap   total 37888K, used 28826K [0x00000000c4e00000, 0x0000000100000000)
  region size 1024K, 14 young (14336K), 2 survivors (2048K)
 Metaspace       used 35381K, committed 35968K, reserved 1114112K
  class space    used 4469K, committed 4736K, reserved 1048576K
}
Event: 18.551 GC heap after
{Heap after GC invocations=10 (full 0):
 garbage-first heap   total 37888K, used 18847K [0x00000000c4e00000, 0x0000000100000000)
  region size 1024K, 2 young (2048K), 2 survivors (2048K)
 Metaspace       used 35381K, committed 35968K, reserved 1114112K
  class space    used 4469K, committed 4736K, reserved 1048576K
}
Event: 20.160 GC heap before
{Heap before GC invocations=11 (full 0):
 garbage-first heap   total 37888K, used 30111K [0x00000000c4e00000, 0x0000000100000000)
  region size 1024K, 14 young (14336K), 2 survivors (2048K)
 Metaspace       used 40213K, committed 40832K, reserved 1114112K
  class space    used 5071K, committed 5376K, reserved 1048576K
}
Event: 20.168 GC heap after
{Heap after GC invocations=12 (full 0):
 garbage-first heap   total 37888K, used 21528K [0x00000000c4e00000, 0x0000000100000000)
  region size 1024K, 2 young (2048K), 2 survivors (2048K)
 Metaspace       used 40213K, committed 40832K, reserved 1114112K
  class space    used 5071K, committed 5376K, reserved 1048576K
}
Event: 20.682 GC heap before
{Heap before GC invocations=12 (full 0):
 garbage-first heap   total 37888K, used 31768K [0x00000000c4e00000, 0x0000000100000000)
  region size 1024K, 12 young (12288K), 2 survivors (2048K)
 Metaspace       used 42427K, committed 43008K, reserved 1114112K
  class space    used 5362K, committed 5632K, reserved 1048576K
}
Event: 20.693 GC heap after
{Heap after GC invocations=13 (full 0):
 garbage-first heap   total 37888K, used 21882K [0x00000000c4e00000, 0x0000000100000000)
  region size 1024K, 2 young (2048K), 2 survivors (2048K)
 Metaspace       used 42427K, committed 43008K, reserved 1114112K
  class space    used 5362K, committed 5632K, reserved 1048576K
}
Event: 21.475 GC heap before
{Heap before GC invocations=13 (full 0):
 garbage-first heap   total 37888K, used 31098K [0x00000000c4e00000, 0x0000000100000000)
  region size 1024K, 12 young (12288K), 2 survivors (2048K)
 Metaspace       used 45625K, committed 46336K, reserved 1114112K
  class space    used 5814K, committed 6144K, reserved 1048576K
}
Event: 21.482 GC heap after
{Heap after GC invocations=14 (full 0):
 garbage-first heap   total 37888K, used 23294K [0x00000000c4e00000, 0x0000000100000000)
  region size 1024K, 2 young (2048K), 2 survivors (2048K)
 Metaspace       used 45625K, committed 46336K, reserved 1114112K
  class space    used 5814K, committed 6144K, reserved 1048576K
}
Event: 21.856 GC heap before
{Heap before GC invocations=15 (full 0):
 garbage-first heap   total 43008K, used 30462K [0x00000000c4e00000, 0x0000000100000000)
  region size 1024K, 10 young (10240K), 2 survivors (2048K)
 Metaspace       used 46957K, committed 47616K, reserved 1114112K
  class space    used 5983K, committed 6272K, reserved 1048576K
}
Event: 21.861 GC heap after
{Heap after GC invocations=16 (full 0):
 garbage-first heap   total 43008K, used 24076K [0x00000000c4e00000, 0x0000000100000000)
  region size 1024K, 1 young (1024K), 1 survivors (1024K)
 Metaspace       used 46957K, committed 47616K, reserved 1114112K
  class space    used 5983K, committed 6272K, reserved 1048576K
}
Event: 22.837 GC heap before
{Heap before GC invocations=16 (full 0):
 garbage-first heap   total 43008K, used 37388K [0x00000000c4e00000, 0x0000000100000000)
  region size 1024K, 14 young (14336K), 1 survivors (1024K)
 Metaspace       used 49601K, committed 50304K, reserved 1114112K
  class space    used 6365K, committed 6720K, reserved 1048576K
}
Event: 22.843 GC heap after
{Heap after GC invocations=17 (full 0):
 garbage-first heap   total 43008K, used 24870K [0x00000000c4e00000, 0x0000000100000000)
  region size 1024K, 2 young (2048K), 2 survivors (2048K)
 Metaspace       used 49601K, committed 50304K, reserved 1114112K
  class space    used 6365K, committed 6720K, reserved 1048576K
}
Event: 34.036 GC heap before
{Heap before GC invocations=17 (full 0):
 garbage-first heap   total 43008K, used 36134K [0x00000000c4e00000, 0x0000000100000000)
  region size 1024K, 14 young (14336K), 2 survivors (2048K)
 Metaspace       used 52067K, committed 52864K, reserved 1114112K
  class space    used 6705K, committed 7040K, reserved 1048576K
}
Event: 34.094 GC heap after
{Heap after GC invocations=18 (full 0):
 garbage-first heap   total 43008K, used 26401K [0x00000000c4e00000, 0x0000000100000000)
  region size 1024K, 2 young (2048K), 2 survivors (2048K)
 Metaspace       used 52067K, committed 52864K, reserved 1114112K
  class space    used 6705K, committed 7040K, reserved 1048576K
}
Event: 39.530 GC heap before
{Heap before GC invocations=19 (full 0):
 garbage-first heap   total 48128K, used 35617K [0x00000000c4e00000, 0x0000000100000000)
  region size 1024K, 12 young (12288K), 2 survivors (2048K)
 Metaspace       used 54998K, committed 55744K, reserved 1114112K
  class space    used 7098K, committed 7424K, reserved 1048576K
}
Event: 39.544 GC heap after
{Heap after GC invocations=20 (full 0):
 garbage-first heap   total 48128K, used 27014K [0x00000000c4e00000, 0x0000000100000000)
  region size 1024K, 1 young (1024K), 1 survivors (1024K)
 Metaspace       used 54998K, committed 55744K, reserved 1114112K
  class space    used 7098K, committed 7424K, reserved 1048576K
}

